<?xml version="1.0" encoding="UTF-8"?>
<!-- Generated by org.testng.reporters.JUnitReportReporter -->
<testsuite skipped="0" hostname="vaibhav-ubuntu" name="com.clarion.TestCases.TC3_clarion_LogPromise_AddingPromise_03" tests="1" failures="0" timestamp="24 Apr 2020 04:50:42 GMT" time="5.524" errors="0">
  <testcase name="addingPromiseToLogPromise" time="5.524" classname="com.clarion.TestCases.TC3_clarion_LogPromise_AddingPromise_03"/>
</testsuite> <!-- com.clarion.TestCases.TC3_clarion_LogPromise_AddingPromise_03 -->
