<?xml version="1.0" encoding="UTF-8"?>
<!-- Generated by org.testng.reporters.JUnitReportReporter -->
<testsuite skipped="0" hostname="vaibhav-ubuntu" name="com.clarion.TestCases.TC1_clarion_LoginTest_inValidUsernamePass_01" tests="2" failures="0" timestamp="24 Apr 2020 04:39:34 GMT" time="9.839" errors="0">
  <testcase name="withUsernameWithoutPasswordTest" time="6.417" classname="com.clarion.TestCases.TC1_clarion_LoginTest_inValidUsernamePass_01"/>
  <testcase name="withoutUsernamePasswordTest" time="3.422" classname="com.clarion.TestCases.TC1_clarion_LoginTest_inValidUsernamePass_01"/>
</testsuite> <!-- com.clarion.TestCases.TC1_clarion_LoginTest_inValidUsernamePass_01 -->
