<?xml version="1.0" encoding="UTF-8"?>
<!-- Generated by org.testng.reporters.JUnitReportReporter -->
<testsuite skipped="0" hostname="vaibhav-ubuntu" name="com.clarion.TestCases.TC1_clarion_LoginTest_inValidUsernamePass_01" tests="1" failures="0" timestamp="23 Apr 2020 10:02:19 GMT" time="8.291" errors="0">
  <testcase name="withoutUsernamePasswordTest" time="8.291" classname="com.clarion.TestCases.TC1_clarion_LoginTest_inValidUsernamePass_01"/>
</testsuite> <!-- com.clarion.TestCases.TC1_clarion_LoginTest_inValidUsernamePass_01 -->
