<?xml version="1.0" encoding="UTF-8"?>
<!-- Generated by org.testng.reporters.JUnitReportReporter -->
<testsuite skipped="0" hostname="vaibhav-ubuntu" name="com.clarion.TestCases.TC2_clarion_LoginTest_validUsernamePass_02" tests="1" failures="0" timestamp="24 Apr 2020 04:49:10 GMT" time="9.126" errors="0">
  <testcase name="withValidUsernameAndPassword" time="9.126" classname="com.clarion.TestCases.TC2_clarion_LoginTest_validUsernamePass_02"/>
</testsuite> <!-- com.clarion.TestCases.TC2_clarion_LoginTest_validUsernamePass_02 -->
