<?xml version="1.0" encoding="UTF-8"?>
<!-- Generated by org.testng.reporters.JUnitReportReporter -->
<testsuite skipped="0" hostname="vaibhav-ubuntu" name="com.clarion.TestCases.TC4_clarion_LogPromise_verifyPromiseAdded_04" tests="1" failures="0" timestamp="24 Apr 2020 05:22:40 GMT" time="18.731" errors="0">
  <testcase name="verifyingNewlyAddedPromiseInLogPromise" time="18.731" classname="com.clarion.TestCases.TC4_clarion_LogPromise_verifyPromiseAdded_04"/>
</testsuite> <!-- com.clarion.TestCases.TC4_clarion_LogPromise_verifyPromiseAdded_04 -->
