<?xml version="1.0" encoding="UTF-8"?>
<!-- Generated by org.testng.reporters.JUnitReportReporter -->
<testsuite skipped="0" hostname="vaibhav-ubuntu" name="com.clarion.TestCases.TC3_clarion_LogPromise_AddingPromise_TC3" tests="1" failures="0" timestamp="23 Apr 2020 11:13:55 GMT" time="16.008" errors="0">
  <testcase name="addingPromiseToLogPromise" time="16.008" classname="com.clarion.TestCases.TC3_clarion_LogPromise_AddingPromise_TC3"/>
</testsuite> <!-- com.clarion.TestCases.TC3_clarion_LogPromise_AddingPromise_TC3 -->
